<?xml version="1.0" encoding="UTF-8"?>
<!-- Generated by org.testng.reporters.JUnitReportReporter -->
<testsuite skipped="0" hostname="DESKTOP-7T8M5OJ" name="JumiaTestNG.LoginJumia" tests="1" failures="0" timestamp="25 Nov 2018 15:00:25 GMT" time="60.766" errors="0">
  <testcase name="sanityTest" time="60.766" classname="JumiaTestNG.LoginJumia"/>
</testsuite> <!-- JumiaTestNG.LoginJumia -->
